2022-08-04 09:25:22,928 :: Loading database records...
2022-08-04 09:25:27,345 :: Administrator login detected.
2022-08-04 09:25:35,563 :: Entered armor purchase module.
2022-08-04 09:25:43,055 :: Pushing order to database, charging user: admin.
2022-08-04 09:25:49,518 :: Entered weapons purchase module.
2022-08-04 09:26:11,403 :: Pushing order to database, charging user: admin.
2022-08-04 09:26:35,503 :: Closing store interface.
2022-08-04 13:51:53,322 :: Loading database records...
2022-08-04 13:52:01,282 :: Administrator login detected.
2022-08-04 13:55:32,067 :: Loading database records...
2022-08-04 13:55:35,513 :: Administrator login detected.
2022-08-04 13:56:54,728 :: Username not found, trying again...
2022-08-04 13:57:37,170 :: Loading database records...
2022-08-04 13:57:55,247 :: Administrator login detected.
2022-08-04 14:07:14,451 :: Loading database records...
2022-08-04 14:07:24,610 :: Administrator login detected.
2022-08-04 14:10:31,180 :: Loading database records...
2022-08-04 14:10:36,677 :: Administrator login detected.
2022-08-04 14:17:41,894 :: Loading database records...
2022-08-04 14:17:47,878 :: Administrator login detected.
2022-08-04 14:18:20,620 :: Loading database records...
2022-08-04 14:18:24,468 :: Administrator login detected.
2022-08-04 14:19:24,992 :: Loading database records...
2022-08-04 14:19:30,019 :: Administrator login detected.
2022-08-04 14:20:39,175 :: Closing store interface.
2022-08-04 14:20:41,336 :: Loading database records...
2022-08-04 14:20:45,331 :: Administrator login detected.
2022-08-04 14:23:50,216 :: Loading database records...
2022-08-04 14:23:56,718 :: Administrator login detected.
2022-08-04 14:26:06,238 :: Loading database records...
2022-08-04 14:26:10,420 :: Administrator login detected.
2022-08-04 14:28:44,243 :: Loading database records...
2022-08-04 14:28:47,457 :: Administrator login detected.
2022-08-04 14:28:54,365 :: Refund not found, trying again...
2022-08-04 14:29:42,446 :: Loading database records...
2022-08-04 14:29:47,780 :: Administrator login detected.
2022-08-04 14:32:42,554 :: Closing store interface.
2022-08-04 14:34:17,265 :: Loading database records...
2022-08-04 14:34:20,462 :: Administrator login detected.
2022-08-04 14:36:03,996 :: Loading database records...
2022-08-04 14:36:08,278 :: Administrator login detected.
2022-08-04 14:36:31,570 :: Entered armor purchase module.
2022-08-04 14:37:33,138 :: Pushing order to database, charging user: admin.
2022-08-04 14:37:53,315 :: Entered weapons purchase module.
2022-08-04 14:39:32,533 :: Pushing order to database, charging user: admin.
2022-08-04 14:45:19,673 :: Loading database records...
2022-08-04 14:45:25,483 :: Administrator login detected.
2022-08-04 14:45:32,774 :: Entered weapons purchase module.
2022-08-04 14:45:52,301 :: Pushing order to database, charging user: admin.
2022-08-04 14:46:43,489 :: Closing store interface.
2022-08-04 14:51:05,601 :: Loading database records...
2022-08-04 14:51:10,172 :: Administrator login detected.
2022-08-04 14:53:15,328 :: Loading database records...
2022-08-04 14:53:23,834 :: Administrator login detected.
2022-08-04 14:54:48,064 :: Loading database records...
2022-08-04 14:54:51,606 :: Administrator login detected.
2022-08-04 14:55:14,110 :: Loading database records...
2022-08-04 14:55:18,316 :: Administrator login detected.
2022-08-04 14:56:09,479 :: Loading database records...
2022-08-04 14:56:17,803 :: Administrator login detected.
2022-08-04 14:56:58,603 :: Loading database records...
2022-08-04 14:57:03,100 :: Administrator login detected.
2022-08-04 14:57:56,352 :: Refund not found, trying again...
2022-08-04 14:58:06,819 :: Loading database records...
2022-08-04 14:58:12,276 :: Administrator login detected.
2022-08-04 14:58:24,211 :: Entered armor purchase module.
2022-08-04 14:58:31,743 :: Pushing order to database, charging user: admin.
2022-08-04 14:58:50,426 :: Entered armor purchase module.
2022-08-04 14:58:58,269 :: Pushing order to database, charging user: admin.
2022-08-04 14:59:20,127 :: Administrator login detected.
2022-08-04 15:03:55,623 :: Loading database records...
2022-08-04 15:04:00,383 :: Administrator login detected.
2022-08-04 15:04:07,275 :: Closing store interface.
2022-08-04 15:40:41,447 :: Loading database records...
2022-08-04 15:40:45,853 :: Administrator login detected.
2022-08-04 15:42:47,309 :: Loading database records...
2022-08-04 15:42:50,618 :: Administrator login detected.
2022-08-04 15:43:38,921 :: Loading database records...
2022-08-04 15:43:43,715 :: Administrator login detected.
2022-08-04 15:53:49,582 :: Loading database records...
2022-08-04 15:53:54,001 :: Administrator login detected.
2022-08-04 16:01:53,581 :: Loading database records...
2022-08-04 16:02:16,764 :: 5000 amount added to account: Customer1
2022-08-04 16:02:25,253 :: Entered armor purchase module.
2022-08-04 16:02:50,702 :: Pushing order to database, charging user: Customer1.
2022-08-04 16:02:56,341 :: Entered weapons purchase module.
2022-08-04 16:03:16,334 :: Pushing order to database, charging user: Customer1.
2022-08-04 16:03:19,919 :: Entered gear purchase module.
2022-08-04 16:03:40,439 :: Pushing order to database, charging user: Customer1.
2022-08-04 16:04:04,241 :: Options exceeded on login menu input, trying again...
2022-08-04 16:04:08,399 :: Administrator login detected.
2022-08-04 16:04:49,925 :: Closing store interface.
2022-08-04 16:11:19,423 :: Loading database records...
2022-08-04 16:11:25,695 :: Administrator login detected.
2022-08-04 16:12:28,881 :: Loading database records...
2022-08-04 16:12:31,901 :: Administrator login detected.
2022-08-04 16:12:53,623 :: Loading database records...
2022-08-04 16:12:57,566 :: Administrator login detected.
2022-08-04 16:13:23,966 :: Entered armor purchase module.
2022-08-04 16:18:01,500 :: Loading database records...
2022-08-04 16:18:06,797 :: Administrator login detected.
2022-08-04 16:18:42,821 :: Administrator login detected.
2022-08-04 16:19:02,485 :: Closing store interface.
